[2022-11-03 11:29:39+00:00] [Information] Now listening on: https://localhost:8001 
[2022-11-03 11:29:39+00:00] [Information] Now listening on: http://localhost:5200 
[2022-11-03 11:29:39+00:00] [Information] Application started. Press Ctrl+C to shut down. 
[2022-11-03 11:29:39+00:00] [Information] Hosting environment: Development 
[2022-11-03 11:29:39+00:00] [Information] Content root path: F:\Download\Hannet\KioskManagement.Api\ 
[2022-11-03 11:30:46+00:00] [Information] Entity Framework Core 6.0.3 initialized 'AIOAcessContolDbContext' using provider 'Microsoft.EntityFrameworkCore.SqlServer:6.0.2' with options: using lazy loading proxies MigrationsAssembly=KioskManagement.Data.Migrations  
[2022-11-03 11:30:47+00:00] [Information] Run endpoint /api/kioskmanagement/appmenus/gettreeviewbyuser?userid={userId} GET 
[2022-11-03 11:30:47+00:00] [Information] Run endpoint /api/aioaccesscontrol/AZone/getlistpaging GET 
[2022-11-03 11:30:49+00:00] [Information] Executed DbCommand (93ms) [Parameters=[], CommandType='Text', CommandTimeout='0']
SELECT [a].[ZON_ID], [a].[ZON_DESCRIPTION], [a].[ZON_NAME], [a].[ZON_STATUS]
FROM [A_ZONE] AS [a] 
[2022-11-03 11:30:50+00:00] [Information] Executed DbCommand (40ms) [Parameters=[], CommandType='Text', CommandTimeout='0']
SELECT [a].[Description] AS [MenuName], [a].[ParentId], [a].[Id], [a].[Icon], [a].[Link], [a].[ActiveLink]
FROM [AppRoles] AS [a]
WHERE [a].[Discriminator] = N'AppRole'
ORDER BY [a].[Order_By] 
[2022-11-03 11:49:28+00:00] [Information] Entity Framework Core 6.0.3 initialized 'AIOAcessContolDbContext' using provider 'Microsoft.EntityFrameworkCore.SqlServer:6.0.2' with options: using lazy loading proxies MigrationsAssembly=KioskManagement.Data.Migrations  
[2022-11-03 11:49:28+00:00] [Information] Entity Framework Core 6.0.3 initialized 'AIOAcessContolDbContext' using provider 'Microsoft.EntityFrameworkCore.SqlServer:6.0.2' with options: using lazy loading proxies MigrationsAssembly=KioskManagement.Data.Migrations  
[2022-11-03 11:49:28+00:00] [Information] Run endpoint /api/aioaccesscontrol/AZone/getlistpaging GET 
[2022-11-03 11:49:28+00:00] [Information] Run endpoint /api/kioskmanagement/appmenus/gettreeviewbyuser?userid={userId} GET 
[2022-11-03 11:49:28+00:00] [Information] Executed DbCommand (3ms) [Parameters=[@userId='?' (Size = 36)], CommandType='Text', CommandTimeout='0']
dbo.GetMenuList @userId 
[2022-11-03 11:49:28+00:00] [Information] Executed DbCommand (1ms) [Parameters=[], CommandType='Text', CommandTimeout='0']
SELECT [a].[ZON_ID], [a].[ZON_DESCRIPTION], [a].[ZON_NAME], [a].[ZON_STATUS]
FROM [A_ZONE] AS [a] 
[2022-11-03 11:49:28+00:00] [Information] Executed DbCommand (7ms) [Parameters=[], CommandType='Text', CommandTimeout='0']
SELECT [a].[Description] AS [MenuName], [a].[ParentId], [a].[Id], [a].[Icon], [a].[Link], [a].[ActiveLink]
FROM [AppRoles] AS [a]
WHERE [a].[Discriminator] = N'AppRole'
ORDER BY [a].[Order_By] 
[2022-11-03 12:03:30+00:00] [Information] Now listening on: https://localhost:8001 
[2022-11-03 12:03:30+00:00] [Information] Now listening on: http://localhost:5200 
[2022-11-03 12:03:30+00:00] [Information] Application started. Press Ctrl+C to shut down. 
[2022-11-03 12:03:30+00:00] [Information] Hosting environment: Development 
[2022-11-03 12:03:30+00:00] [Information] Content root path: F:\Download\Hannet\KioskManagement.Api\ 
[2022-11-03 12:03:50+00:00] [Information] Entity Framework Core 6.0.3 initialized 'AIOAcessContolDbContext' using provider 'Microsoft.EntityFrameworkCore.SqlServer:6.0.2' with options: using lazy loading proxies MigrationsAssembly=KioskManagement.Data.Migrations  
[2022-11-03 12:03:51+00:00] [Information] Run endpoint /api/kioskmanagement/appmenus/gettreeviewbyuser?userid={userId} GET 
[2022-11-03 12:03:51+00:00] [Information] Run endpoint /api/aioaccesscontrol/AZone/getlistpaging GET 
[2022-11-03 12:03:51+00:00] [Information] Executed DbCommand (67ms) [Parameters=[], CommandType='Text', CommandTimeout='0']
SELECT [a].[ZON_ID], [a].[ZON_DESCRIPTION], [a].[ZON_NAME], [a].[ZON_STATUS]
FROM [A_ZONE] AS [a] 
[2022-11-03 12:03:52+00:00] [Information] Executed DbCommand (10ms) [Parameters=[], CommandType='Text', CommandTimeout='0']
SELECT [a].[Description] AS [MenuName], [a].[ParentId], [a].[Id], [a].[Icon], [a].[Link], [a].[ActiveLink]
FROM [AppRoles] AS [a]
WHERE [a].[Discriminator] = N'AppRole'
ORDER BY [a].[Order_By] 
[2022-11-03 12:04:03+00:00] [Information] Entity Framework Core 6.0.3 initialized 'AIOAcessContolDbContext' using provider 'Microsoft.EntityFrameworkCore.SqlServer:6.0.2' with options: using lazy loading proxies MigrationsAssembly=KioskManagement.Data.Migrations  
[2022-11-03 12:04:03+00:00] [Information] Entity Framework Core 6.0.3 initialized 'AIOAcessContolDbContext' using provider 'Microsoft.EntityFrameworkCore.SqlServer:6.0.2' with options: using lazy loading proxies MigrationsAssembly=KioskManagement.Data.Migrations  
[2022-11-03 12:04:03+00:00] [Information] Run endpoint /api/kioskmanagement/appmenus/gettreeviewbyuser?userid={userId} GET 
[2022-11-03 12:04:03+00:00] [Information] Run endpoint /api/aioaccesscontrol/AZone/getlistpaging GET 
[2022-11-03 12:04:03+00:00] [Information] Executed DbCommand (3ms) [Parameters=[@userId='?' (Size = 36)], CommandType='Text', CommandTimeout='0']
dbo.GetMenuList @userId 
[2022-11-03 12:04:03+00:00] [Information] Executed DbCommand (42ms) [Parameters=[], CommandType='Text', CommandTimeout='0']
SELECT [a].[ZON_ID], [a].[ZON_DESCRIPTION], [a].[ZON_NAME], [a].[ZON_STATUS]
FROM [A_ZONE] AS [a] 
[2022-11-03 12:04:03+00:00] [Information] Executed DbCommand (12ms) [Parameters=[], CommandType='Text', CommandTimeout='0']
SELECT [a].[Description] AS [MenuName], [a].[ParentId], [a].[Id], [a].[Icon], [a].[Link], [a].[ActiveLink]
FROM [AppRoles] AS [a]
WHERE [a].[Discriminator] = N'AppRole'
ORDER BY [a].[Order_By] 
[2022-11-03 14:43:57+00:00] [Information] Now listening on: https://localhost:8001 
[2022-11-03 14:43:57+00:00] [Information] Now listening on: http://localhost:5200 
[2022-11-03 14:43:57+00:00] [Information] Application started. Press Ctrl+C to shut down. 
[2022-11-03 14:43:57+00:00] [Information] Hosting environment: Development 
[2022-11-03 14:43:57+00:00] [Information] Content root path: F:\Download\Hannet\KioskManagement.Api\ 
[2022-11-03 14:44:42+00:00] [Information] Entity Framework Core 6.0.3 initialized 'AIOAcessContolDbContext' using provider 'Microsoft.EntityFrameworkCore.SqlServer:6.0.2' with options: using lazy loading proxies MigrationsAssembly=KioskManagement.Data.Migrations  
[2022-11-03 14:44:43+00:00] [Information] Run endpoint /api/kioskmanagement/appmenus/gettreeviewbyuser?userid={userId} GET 
[2022-11-03 14:44:43+00:00] [Information] Run endpoint /api/aioaccesscontrol/AZone/getlistpaging GET 
[2022-11-03 14:44:45+00:00] [Information] Entity Framework Core 6.0.3 initialized 'AIOAcessContolDbContext' using provider 'Microsoft.EntityFrameworkCore.SqlServer:6.0.2' with options: using lazy loading proxies MigrationsAssembly=KioskManagement.Data.Migrations  
[2022-11-03 14:44:46+00:00] [Information] Entity Framework Core 6.0.3 initialized 'AIOAcessContolDbContext' using provider 'Microsoft.EntityFrameworkCore.SqlServer:6.0.2' with options: using lazy loading proxies MigrationsAssembly=KioskManagement.Data.Migrations  
[2022-11-03 14:44:46+00:00] [Information] Run endpoint /api/kioskmanagement/appmenus/gettreeviewbyuser?userid={userId} GET 
[2022-11-03 14:44:46+00:00] [Information] Run endpoint /api/aioaccesscontrol/AZone/getlistpaging GET 
[2022-11-03 14:44:46+00:00] [Information] Executed DbCommand (143ms) [Parameters=[@userId='?' (Size = 36)], CommandType='Text', CommandTimeout='0']
dbo.GetMenuList @userId 
[2022-11-03 14:44:46+00:00] [Information] Executed DbCommand (5ms) [Parameters=[@userId='?' (Size = 36)], CommandType='Text', CommandTimeout='0']
dbo.GetMenuList @userId 
[2022-11-03 14:44:46+00:00] [Information] Executed DbCommand (10ms) [Parameters=[], CommandType='Text', CommandTimeout='0']
SELECT [a].[ZON_ID], [a].[ZON_DESCRIPTION], [a].[ZON_NAME], [a].[ZON_STATUS]
FROM [A_ZONE] AS [a] 
[2022-11-03 14:44:46+00:00] [Information] Executed DbCommand (17ms) [Parameters=[], CommandType='Text', CommandTimeout='0']
SELECT [a].[Description] AS [MenuName], [a].[ParentId], [a].[Id], [a].[Icon], [a].[Link], [a].[ActiveLink]
FROM [AppRoles] AS [a]
WHERE [a].[Discriminator] = N'AppRole'
ORDER BY [a].[Order_By] 
[2022-11-03 14:44:46+00:00] [Information] Executed DbCommand (17ms) [Parameters=[], CommandType='Text', CommandTimeout='0']
SELECT [a].[Description] AS [MenuName], [a].[ParentId], [a].[Id], [a].[Icon], [a].[Link], [a].[ActiveLink]
FROM [AppRoles] AS [a]
WHERE [a].[Discriminator] = N'AppRole'
ORDER BY [a].[Order_By] 
[2022-11-03 14:45:00+00:00] [Information] Entity Framework Core 6.0.3 initialized 'AIOAcessContolDbContext' using provider 'Microsoft.EntityFrameworkCore.SqlServer:6.0.2' with options: using lazy loading proxies MigrationsAssembly=KioskManagement.Data.Migrations  
[2022-11-03 14:45:00+00:00] [Information] Run endpoint /api/aioaccesscontrol/AZone/deletemulti DELETE 
[2022-11-03 14:45:33+00:00] [Information] Entity Framework Core 6.0.3 initialized 'AIOAcessContolDbContext' using provider 'Microsoft.EntityFrameworkCore.SqlServer:6.0.2' with options: using lazy loading proxies MigrationsAssembly=KioskManagement.Data.Migrations  
[2022-11-03 14:45:33+00:00] [Information] Run endpoint /api/aioaccesscontrol/AZone/deletemulti DELETE 
[2022-11-03 14:45:38+00:00] [Information] Entity Framework Core 6.0.3 initialized 'AIOAcessContolDbContext' using provider 'Microsoft.EntityFrameworkCore.SqlServer:6.0.2' with options: using lazy loading proxies MigrationsAssembly=KioskManagement.Data.Migrations  
[2022-11-03 14:45:38+00:00] [Information] Run endpoint /api/kioskmanagement/appmenus/gettreeviewbyuser?userid={userId} GET 
[2022-11-03 14:45:38+00:00] [Information] Executed DbCommand (3ms) [Parameters=[@userId='?' (Size = 36)], CommandType='Text', CommandTimeout='0']
dbo.GetMenuList @userId 
[2022-11-03 14:45:38+00:00] [Information] Executed DbCommand (3ms) [Parameters=[], CommandType='Text', CommandTimeout='0']
SELECT [a].[Description] AS [MenuName], [a].[ParentId], [a].[Id], [a].[Icon], [a].[Link], [a].[ActiveLink]
FROM [AppRoles] AS [a]
WHERE [a].[Discriminator] = N'AppRole'
ORDER BY [a].[Order_By] 
[2022-11-03 14:45:38+00:00] [Information] Entity Framework Core 6.0.3 initialized 'AIOAcessContolDbContext' using provider 'Microsoft.EntityFrameworkCore.SqlServer:6.0.2' with options: using lazy loading proxies MigrationsAssembly=KioskManagement.Data.Migrations  
[2022-11-03 14:45:38+00:00] [Information] Run endpoint /api/aioaccesscontrol/AZone/getlistpaging GET 
[2022-11-03 14:45:38+00:00] [Information] Executed DbCommand (2ms) [Parameters=[], CommandType='Text', CommandTimeout='0']
SELECT [a].[ZON_ID], [a].[ZON_DESCRIPTION], [a].[ZON_NAME], [a].[ZON_STATUS]
FROM [A_ZONE] AS [a] 
[2022-11-03 14:45:48+00:00] [Information] Entity Framework Core 6.0.3 initialized 'AIOAcessContolDbContext' using provider 'Microsoft.EntityFrameworkCore.SqlServer:6.0.2' with options: using lazy loading proxies MigrationsAssembly=KioskManagement.Data.Migrations  
[2022-11-03 14:45:48+00:00] [Information] Run endpoint /api/aioaccesscontrol/AZone/deletemulti DELETE 
[2022-11-03 14:46:03+00:00] [Information] Entity Framework Core 6.0.3 initialized 'AIOAcessContolDbContext' using provider 'Microsoft.EntityFrameworkCore.SqlServer:6.0.2' with options: using lazy loading proxies MigrationsAssembly=KioskManagement.Data.Migrations  
[2022-11-03 14:46:03+00:00] [Information] Run endpoint /api/aioaccesscontrol/AZone/deletemulti DELETE 
[2022-11-03 14:47:50+00:00] [Information] Entity Framework Core 6.0.3 initialized 'AIOAcessContolDbContext' using provider 'Microsoft.EntityFrameworkCore.SqlServer:6.0.2' with options: using lazy loading proxies MigrationsAssembly=KioskManagement.Data.Migrations  
[2022-11-03 14:47:50+00:00] [Information] Run endpoint /api/kioskmanagement/appmenus/gettreeviewbyuser?userid={userId} GET 
[2022-11-03 14:47:50+00:00] [Information] Executed DbCommand (3ms) [Parameters=[@userId='?' (Size = 36)], CommandType='Text', CommandTimeout='0']
dbo.GetMenuList @userId 
[2022-11-03 14:47:50+00:00] [Information] Executed DbCommand (3ms) [Parameters=[], CommandType='Text', CommandTimeout='0']
SELECT [a].[Description] AS [MenuName], [a].[ParentId], [a].[Id], [a].[Icon], [a].[Link], [a].[ActiveLink]
FROM [AppRoles] AS [a]
WHERE [a].[Discriminator] = N'AppRole'
ORDER BY [a].[Order_By] 
[2022-11-03 14:47:50+00:00] [Information] Entity Framework Core 6.0.3 initialized 'AIOAcessContolDbContext' using provider 'Microsoft.EntityFrameworkCore.SqlServer:6.0.2' with options: using lazy loading proxies MigrationsAssembly=KioskManagement.Data.Migrations  
[2022-11-03 14:47:50+00:00] [Information] Run endpoint /api/aioaccesscontrol/AZone/getlistpaging GET 
[2022-11-03 14:47:50+00:00] [Information] Executed DbCommand (2ms) [Parameters=[], CommandType='Text', CommandTimeout='0']
SELECT [a].[ZON_ID], [a].[ZON_DESCRIPTION], [a].[ZON_NAME], [a].[ZON_STATUS]
FROM [A_ZONE] AS [a] 
[2022-11-03 14:47:58+00:00] [Information] Entity Framework Core 6.0.3 initialized 'AIOAcessContolDbContext' using provider 'Microsoft.EntityFrameworkCore.SqlServer:6.0.2' with options: using lazy loading proxies MigrationsAssembly=KioskManagement.Data.Migrations  
[2022-11-03 14:47:58+00:00] [Information] Run endpoint /api/aioaccesscontrol/AZone/deletemulti DELETE 
[2022-11-03 14:48:09+00:00] [Information] Entity Framework Core 6.0.3 initialized 'AIOAcessContolDbContext' using provider 'Microsoft.EntityFrameworkCore.SqlServer:6.0.2' with options: using lazy loading proxies MigrationsAssembly=KioskManagement.Data.Migrations  
[2022-11-03 14:48:09+00:00] [Information] Run endpoint /api/kioskmanagement/appmenus/gettreeviewbyuser?userid={userId} GET 
[2022-11-03 14:48:09+00:00] [Information] Executed DbCommand (3ms) [Parameters=[@userId='?' (Size = 36)], CommandType='Text', CommandTimeout='0']
dbo.GetMenuList @userId 
[2022-11-03 14:48:09+00:00] [Information] Executed DbCommand (2ms) [Parameters=[], CommandType='Text', CommandTimeout='0']
SELECT [a].[Description] AS [MenuName], [a].[ParentId], [a].[Id], [a].[Icon], [a].[Link], [a].[ActiveLink]
FROM [AppRoles] AS [a]
WHERE [a].[Discriminator] = N'AppRole'
ORDER BY [a].[Order_By] 
[2022-11-03 14:48:10+00:00] [Information] Entity Framework Core 6.0.3 initialized 'AIOAcessContolDbContext' using provider 'Microsoft.EntityFrameworkCore.SqlServer:6.0.2' with options: using lazy loading proxies MigrationsAssembly=KioskManagement.Data.Migrations  
[2022-11-03 14:48:10+00:00] [Information] Run endpoint /api/aioaccesscontrol/AZone/getlistpaging GET 
[2022-11-03 14:48:10+00:00] [Information] Executed DbCommand (9ms) [Parameters=[], CommandType='Text', CommandTimeout='0']
SELECT [a].[ZON_ID], [a].[ZON_DESCRIPTION], [a].[ZON_NAME], [a].[ZON_STATUS]
FROM [A_ZONE] AS [a] 
[2022-11-03 14:48:13+00:00] [Information] Entity Framework Core 6.0.3 initialized 'AIOAcessContolDbContext' using provider 'Microsoft.EntityFrameworkCore.SqlServer:6.0.2' with options: using lazy loading proxies MigrationsAssembly=KioskManagement.Data.Migrations  
[2022-11-03 14:48:13+00:00] [Information] Run endpoint /api/aioaccesscontrol/AZone/deletemulti DELETE 
[2022-11-03 14:49:14+00:00] [Information] Entity Framework Core 6.0.3 initialized 'AIOAcessContolDbContext' using provider 'Microsoft.EntityFrameworkCore.SqlServer:6.0.2' with options: using lazy loading proxies MigrationsAssembly=KioskManagement.Data.Migrations  
[2022-11-03 14:49:14+00:00] [Information] Run endpoint /api/kioskmanagement/appmenus/gettreeviewbyuser?userid={userId} GET 
[2022-11-03 14:49:14+00:00] [Information] Executed DbCommand (3ms) [Parameters=[@userId='?' (Size = 36)], CommandType='Text', CommandTimeout='0']
dbo.GetMenuList @userId 
[2022-11-03 14:49:14+00:00] [Information] Entity Framework Core 6.0.3 initialized 'AIOAcessContolDbContext' using provider 'Microsoft.EntityFrameworkCore.SqlServer:6.0.2' with options: using lazy loading proxies MigrationsAssembly=KioskManagement.Data.Migrations  
[2022-11-03 14:49:14+00:00] [Information] Run endpoint /api/aioaccesscontrol/AZone/getlistpaging GET 
[2022-11-03 14:49:14+00:00] [Information] Executed DbCommand (18ms) [Parameters=[], CommandType='Text', CommandTimeout='0']
SELECT [a].[ZON_ID], [a].[ZON_DESCRIPTION], [a].[ZON_NAME], [a].[ZON_STATUS]
FROM [A_ZONE] AS [a] 
[2022-11-03 14:49:14+00:00] [Information] Executed DbCommand (20ms) [Parameters=[], CommandType='Text', CommandTimeout='0']
SELECT [a].[Description] AS [MenuName], [a].[ParentId], [a].[Id], [a].[Icon], [a].[Link], [a].[ActiveLink]
FROM [AppRoles] AS [a]
WHERE [a].[Discriminator] = N'AppRole'
ORDER BY [a].[Order_By] 
[2022-11-03 14:51:27+00:00] [Information] Now listening on: https://localhost:8001 
[2022-11-03 14:51:27+00:00] [Information] Now listening on: http://localhost:5200 
[2022-11-03 14:51:27+00:00] [Information] Application started. Press Ctrl+C to shut down. 
[2022-11-03 14:51:27+00:00] [Information] Hosting environment: Development 
[2022-11-03 14:51:27+00:00] [Information] Content root path: F:\Download\Hannet\KioskManagement.Api\ 
[2022-11-03 14:52:22+00:00] [Information] Entity Framework Core 6.0.3 initialized 'AIOAcessContolDbContext' using provider 'Microsoft.EntityFrameworkCore.SqlServer:6.0.2' with options: using lazy loading proxies MigrationsAssembly=KioskManagement.Data.Migrations  
[2022-11-03 14:52:22+00:00] [Information] Run endpoint /api/kioskmanagement/appmenus/gettreeviewbyuser?userid={userId} GET 
[2022-11-03 14:52:22+00:00] [Information] Run endpoint /api/aioaccesscontrol/AZone/getlistpaging GET 
[2022-11-03 14:52:23+00:00] [Information] Executed DbCommand (55ms) [Parameters=[], CommandType='Text', CommandTimeout='0']
SELECT [a].[ZON_ID], [a].[PLACE_ID], [a].[ZON_DESCRIPTION], [a].[ZON_NAME], [a].[ZON_STATUS]
FROM [A_ZONE] AS [a] 
[2022-11-03 14:52:24+00:00] [Information] Executed DbCommand (9ms) [Parameters=[], CommandType='Text', CommandTimeout='0']
SELECT [a].[Description] AS [MenuName], [a].[ParentId], [a].[Id], [a].[Icon], [a].[Link], [a].[ActiveLink]
FROM [AppRoles] AS [a]
WHERE [a].[Discriminator] = N'AppRole'
ORDER BY [a].[Order_By] 
[2022-11-03 14:52:31+00:00] [Information] Entity Framework Core 6.0.3 initialized 'AIOAcessContolDbContext' using provider 'Microsoft.EntityFrameworkCore.SqlServer:6.0.2' with options: using lazy loading proxies MigrationsAssembly=KioskManagement.Data.Migrations  
[2022-11-03 14:52:31+00:00] [Information] Run endpoint /api/aioaccesscontrol/AZone/deletemulti DELETE 
[2022-11-03 14:52:35+00:00] [Information] Executed DbCommand (2ms) [Parameters=[@__p_0='?' (DbType = Int32)], CommandType='Text', CommandTimeout='0']
SELECT TOP(1) [a].[ZON_ID], [a].[PLACE_ID], [a].[ZON_DESCRIPTION], [a].[ZON_NAME], [a].[ZON_STATUS]
FROM [A_ZONE] AS [a]
WHERE [a].[ZON_ID] = @__p_0 
[2022-11-03 14:52:35+00:00] [Information] Executed DbCommand (1ms) [Parameters=[@p0='?' (DbType = Int32)], CommandType='Text', CommandTimeout='0']
SET NOCOUNT ON;
DELETE FROM [A_ZONE]
WHERE [ZON_ID] = @p0;
SELECT @@ROWCOUNT; 
[2022-11-03 14:52:35+00:00] [Information] Entity Framework Core 6.0.3 initialized 'AIOAcessContolDbContext' using provider 'Microsoft.EntityFrameworkCore.SqlServer:6.0.2' with options: using lazy loading proxies MigrationsAssembly=KioskManagement.Data.Migrations  
[2022-11-03 14:52:35+00:00] [Information] Run endpoint /api/aioaccesscontrol/AZone/getlistpaging GET 
[2022-11-03 14:52:35+00:00] [Information] Executed DbCommand (4ms) [Parameters=[], CommandType='Text', CommandTimeout='0']
SELECT [a].[ZON_ID], [a].[PLACE_ID], [a].[ZON_DESCRIPTION], [a].[ZON_NAME], [a].[ZON_STATUS]
FROM [A_ZONE] AS [a] 
